<?xml version="1.0" encoding="utf-8"?><testsuites name="pytest tests"><testsuite name="pytest" errors="0" failures="0" skipped="0" tests="8" time="1.319" timestamp="2026-05-24T16:10:50.983207+00:00" hostname="agent-env-6eea0de9-fb23-44b3-a312-29c4f3f4f4a7"><testcase classname="backend.tests.test_menu_api" name="test_api_root" time="0.360" /><testcase classname="backend.tests.test_menu_api" name="test_menu_returns_168_items" time="0.231" /><testcase classname="backend.tests.test_menu_api" name="test_menu_item_schema" time="0.002" /><testcase classname="backend.tests.test_menu_api" name="test_menu_has_12_categories" time="0.001" /><testcase classname="backend.tests.test_menu_api" name="test_chinese_category_has_35_items" time="0.001" /><testcase classname="backend.tests.test_menu_api" name="test_paneer_search_subset" time="0.001" /><testcase classname="backend.tests.test_menu_api" name="test_no_mongo_objectid_leak" time="0.001" /><testcase classname="backend.tests.test_menu_api" name="test_unique_ids" time="0.001" /></testsuite></testsuites>